Arguments: 
  /Users/bshope/.nvm/versions/node/v8.12.0/bin/node /Users/bshope/.nvm/versions/node/v8.12.0/bin/yarn install

PATH: 
  /usr/local/sbin:./node_modules/.bin:/Users/bshope/.rbenv/shims:/Users/bshope/.nvm/versions/node/v8.12.0/bin:/Users/bshope/bin:/usr/local/bin:/usr/bin:/bin:/usr/sbin:/sbin:/usr/local/munki:/opt/X11/bin:/Users/bshope/gocode/bin

Yarn version: 
  1.3.2

Node version: 
  8.12.0

Platform: 
  darwin x64

npm manifest: 
  {
    "name": "react-modal",
    "version": "0.0.1",
    "description": "Minimal React Modal",
    "main": "index.js",
    "scripts": {
      "start": "start-storybook -p 9001",
      "test": "jest",
      "build": "build:src && build:flow && build:storybook",
      "build:src": "./node_modules/.bin/webpack --mode=production",
      "build:flow": "flow gen-flow-files src --out-dir dist",
      "build:storybook": "build-storybook -c .storybook -o docs",
    },
    "author": "Ben Shope",
    "license": "MIT",
    "dependencies": {},
    "peerDependencies": {
      "react": "^16",
      "react-dom": "^16"
    },
    "devDependencies": {
      "@babel/core": "^7.0.0-beta.42",
      "@babel/preset-env": "^7.0.0-beta.42",
      "@babel/preset-flow": "^7.0.0",
      "@babel/preset-react": "^7.0.0-beta.42",
      "babel-core": "6",
      "babel-loader": "^8.0.0-beta",
      "flow-bin": "^0.89.0",
      "@storybook/addon-a11y": "^4.0.9",
      "@storybook/addon-actions": "^4.0.9",
      "@storybook/addon-info": "^4.0.9",
      "@storybook/addon-options": "^4.0.8",
      "@storybook/addon-storyshots": "^4.0.9",
      "@storybook/react": "^4.0.9",
      "webpack": "^4.1.1",
      "webpack-cli": "^2.0.12"
    }
  }

yarn manifest: 
  No manifest

Lockfile: 
  No lockfile

Trace: 
  SyntaxError: /Users/bshope/Uber/react-modal/package.json: Unexpected token } in JSON at position 437
      at JSON.parse (<anonymous>)
      at /Users/bshope/.nvm/versions/node/v8.12.0/lib/node_modules/yarn/lib/cli.js:770:59
      at Generator.next (<anonymous>)
      at step (/Users/bshope/.nvm/versions/node/v8.12.0/lib/node_modules/yarn/lib/cli.js:92:30)
      at /Users/bshope/.nvm/versions/node/v8.12.0/lib/node_modules/yarn/lib/cli.js:103:13
      at <anonymous>
